<?xml version="1.0" encoding="UTF-8"?>
<testng-results skipped="0" failed="0" total="2" passed="2">
  <reporter-output>
  </reporter-output>
  <suite name="Default suite" duration-ms="30466" started-at="2017-01-19T01:04:10Z" finished-at="2017-01-19T01:04:41Z">
    <groups>
    </groups>
    <test name="Default test" duration-ms="30466" started-at="2017-01-19T01:04:10Z" finished-at="2017-01-19T01:04:41Z">
      <class name="com.functional.DriverScript">
        <test-method status="PASS" signature="setUp()[pri:0, instance:com.functional.DriverScript@20398b7c]" name="setUp" is-config="true" duration-ms="11783" started-at="2017-01-18T20:04:10Z" finished-at="2017-01-18T20:04:22Z">
          <reporter-output>
          </reporter-output>
        </test-method> <!-- setUp -->
        <test-method status="PASS" signature="clickSignIn()[pri:0, instance:com.functional.DriverScript@20398b7c]" name="clickSignIn" duration-ms="7701" started-at="2017-01-18T20:04:22Z" finished-at="2017-01-18T20:04:30Z">
          <reporter-output>
          </reporter-output>
        </test-method> <!-- clickSignIn -->
        <test-method status="PASS" signature="loginUser()[pri:0, instance:com.functional.DriverScript@20398b7c]" name="loginUser" duration-ms="7844" started-at="2017-01-18T20:04:30Z" finished-at="2017-01-18T20:04:38Z">
          <reporter-output>
          </reporter-output>
        </test-method> <!-- loginUser -->
        <test-method status="PASS" signature="cleaningUp()[pri:0, instance:com.functional.DriverScript@20398b7c]" name="cleaningUp" is-config="true" duration-ms="3102" started-at="2017-01-18T20:04:38Z" finished-at="2017-01-18T20:04:41Z">
          <reporter-output>
          </reporter-output>
        </test-method> <!-- cleaningUp -->
      </class> <!-- com.functional.DriverScript -->
    </test> <!-- Default test -->
  </suite> <!-- Default suite -->
</testng-results>
